This is pdfTeX, Version 3.141592653-2.6-1.40.22 (MiKTeX 21.2) (preloaded format=pdflatex 2021.3.13)  13 MAR 2021 15:35
entering extended mode
**./livrable-technique-doh.tex
(livrable-technique-doh.tex
LaTeX2e <2020-10-01> patch level 4
L3 programming layer <2021-02-18> xparse <2020-03-03>
(C:\Users\Arnaud.DESKTOP-H28NC0E\AppData\Local\Programs\MiKTeX\tex/latex/base\a
rticle.cls
Document Class: article 2020/04/10 v1.4m Standard LaTeX document class

(C:\Users\Arnaud.DESKTOP-H28NC0E\AppData\Local\Programs\MiKTeX\tex/latex/base\s
ize12.clo
File: size12.clo 2020/04/10 v1.4m Standard LaTeX file (size option)
)
\c@part=\count179
\c@section=\count180
\c@subsection=\count181
\c@subsubsection=\count182
\c@paragraph=\count183
\c@subparagraph=\count184
\c@figure=\count185
\c@table=\count186
\abovecaptionskip=\skip47
\belowcaptionskip=\skip48
\bibindent=\dimen138
)
(C:\Users\Arnaud.DESKTOP-H28NC0E\AppData\Local\Programs\MiKTeX\tex/latex/base\i
nputenc.sty
Package: inputenc 2020/08/01 v1.3d Input encoding file
\inpenc@prehook=\toks15
\inpenc@posthook=\toks16
)
(C:\Users\Arnaud.DESKTOP-H28NC0E\AppData\Local\Programs\MiKTeX\tex/latex/fancyh
dr\fancyhdr.sty
Package: fancyhdr 2021/01/28 v4.0.1 Extensive control of page headers and foote
rs
\f@nch@headwidth=\skip49
\f@nch@O@elh=\skip50
\f@nch@O@erh=\skip51
\f@nch@O@olh=\skip52
\f@nch@O@orh=\skip53
\f@nch@O@elf=\skip54
\f@nch@O@erf=\skip55
\f@nch@O@olf=\skip56
\f@nch@O@orf=\skip57
)
(C:\Users\Arnaud.DESKTOP-H28NC0E\AppData\Local\Programs\MiKTeX\tex/latex/enumit
em\enumitem.sty
Package: enumitem 2019/06/20 v3.9 Customized lists
\enitkv@toks@=\toks17
\labelindent=\skip58
\enit@outerparindent=\dimen139
\enit@toks=\toks18
\enit@inbox=\box47
\enit@count@id=\count187
\enitdp@description=\count188
)
(C:\Users\Arnaud.DESKTOP-H28NC0E\AppData\Local\Programs\MiKTeX\tex/latex/hyperr
ef\hyperref.sty
Package: hyperref 2021-02-10 v7.00j Hypertext links for LaTeX

(C:\Users\Arnaud.DESKTOP-H28NC0E\AppData\Local\Programs\MiKTeX\tex/generic/ltxc
mds\ltxcmds.sty
Package: ltxcmds 2020-05-10 v1.25 LaTeX kernel commands for general use (HO)
)
(C:\Users\Arnaud.DESKTOP-H28NC0E\AppData\Local\Programs\MiKTeX\tex/generic/ifte
x\iftex.sty
Package: iftex 2020/03/06 v1.0d TeX engine tests
)
(C:\Users\Arnaud.DESKTOP-H28NC0E\AppData\Local\Programs\MiKTeX\tex/generic/pdft
excmds\pdftexcmds.sty
Package: pdftexcmds 2020-06-27 v0.33 Utility functions of pdfTeX for LuaTeX (HO
)

(C:\Users\Arnaud.DESKTOP-H28NC0E\AppData\Local\Programs\MiKTeX\tex/generic/infw
arerr\infwarerr.sty
Package: infwarerr 2019/12/03 v1.5 Providing info/warning/error messages (HO)
)
Package pdftexcmds Info: \pdf@primitive is available.
Package pdftexcmds Info: \pdf@ifprimitive is available.
Package pdftexcmds Info: \pdfdraftmode found.
)
(C:\Users\Arnaud.DESKTOP-H28NC0E\AppData\Local\Programs\MiKTeX\tex/latex/graphi
cs\keyval.sty
Package: keyval 2014/10/28 v1.15 key=value parser (DPC)
\KV@toks@=\toks19
)
(C:\Users\Arnaud.DESKTOP-H28NC0E\AppData\Local\Programs\MiKTeX\tex/generic/kvse
tkeys\kvsetkeys.sty
Package: kvsetkeys 2019/12/15 v1.18 Key value parser (HO)
)
(C:\Users\Arnaud.DESKTOP-H28NC0E\AppData\Local\Programs\MiKTeX\tex/generic/kvde
finekeys\kvdefinekeys.sty
Package: kvdefinekeys 2019-12-19 v1.6 Define keys (HO)
)
(C:\Users\Arnaud.DESKTOP-H28NC0E\AppData\Local\Programs\MiKTeX\tex/generic/pdfe
scape\pdfescape.sty
Package: pdfescape 2019/12/09 v1.15 Implements pdfTeX's escape features (HO)
)
(C:\Users\Arnaud.DESKTOP-H28NC0E\AppData\Local\Programs\MiKTeX\tex/latex/hycolo
r\hycolor.sty
Package: hycolor 2020-01-27 v1.10 Color options for hyperref/bookmark (HO)
)
(C:\Users\Arnaud.DESKTOP-H28NC0E\AppData\Local\Programs\MiKTeX\tex/latex/letltx
macro\letltxmacro.sty
Package: letltxmacro 2019/12/03 v1.6 Let assignment for LaTeX macros (HO)
)
(C:\Users\Arnaud.DESKTOP-H28NC0E\AppData\Local\Programs\MiKTeX\tex/latex/auxhoo
k\auxhook.sty
Package: auxhook 2019-12-17 v1.6 Hooks for auxiliary files (HO)
)
(C:\Users\Arnaud.DESKTOP-H28NC0E\AppData\Local\Programs\MiKTeX\tex/latex/kvopti
ons\kvoptions.sty
Package: kvoptions 2020-10-07 v3.14 Key value format for package options (HO)
)
\@linkdim=\dimen140
\Hy@linkcounter=\count189
\Hy@pagecounter=\count190

(C:\Users\Arnaud.DESKTOP-H28NC0E\AppData\Local\Programs\MiKTeX\tex/latex/hyperr
ef\pd1enc.def
File: pd1enc.def 2021-02-10 v7.00j Hyperref: PDFDocEncoding definition (HO)
Now handling font encoding PD1 ...
... no UTF-8 mapping file for font encoding PD1
)
(C:\Users\Arnaud.DESKTOP-H28NC0E\AppData\Local\Programs\MiKTeX\tex/latex/hyperr
ef\hyperref-langpatches.def
File: hyperref-langpatches.def 2021-02-10 v7.00j Hyperref: patches for babel la
nguages
)
(C:\Users\Arnaud.DESKTOP-H28NC0E\AppData\Local\Programs\MiKTeX\tex/generic/intc
alc\intcalc.sty
Package: intcalc 2019/12/15 v1.3 Expandable calculations with integers (HO)
)
(C:\Users\Arnaud.DESKTOP-H28NC0E\AppData\Local\Programs\MiKTeX\tex/generic/etex
cmds\etexcmds.sty
Package: etexcmds 2019/12/15 v1.7 Avoid name clashes with e-TeX commands (HO)
)
\Hy@SavedSpaceFactor=\count191

(C:\Users\Arnaud.DESKTOP-H28NC0E\AppData\Local\Programs\MiKTeX\tex/latex/hyperr
ef\puenc.def
File: puenc.def 2021-02-10 v7.00j Hyperref: PDF Unicode definition (HO)
Now handling font encoding PU ...
... no UTF-8 mapping file for font encoding PU
)
Package hyperref Info: Hyper figures OFF on input line 4192.
Package hyperref Info: Link nesting OFF on input line 4197.
Package hyperref Info: Hyper index ON on input line 4200.
Package hyperref Info: Plain pages OFF on input line 4207.
Package hyperref Info: Backreferencing OFF on input line 4212.
Package hyperref Info: Implicit mode ON; LaTeX internals redefined.
Package hyperref Info: Bookmarks ON on input line 4445.
\c@Hy@tempcnt=\count192

(C:\Users\Arnaud.DESKTOP-H28NC0E\AppData\Local\Programs\MiKTeX\tex/latex/url\ur
l.sty
\Urlmuskip=\muskip16
Package: url 2013/09/16  ver 3.4  Verb mode for urls, etc.
)
LaTeX Info: Redefining \url on input line 4804.
\XeTeXLinkMargin=\dimen141

(C:\Users\Arnaud.DESKTOP-H28NC0E\AppData\Local\Programs\MiKTeX\tex/generic/bits
et\bitset.sty
Package: bitset 2019/12/09 v1.3 Handle bit-vector datatype (HO)

(C:\Users\Arnaud.DESKTOP-H28NC0E\AppData\Local\Programs\MiKTeX\tex/generic/bigi
ntcalc\bigintcalc.sty
Package: bigintcalc 2019/12/15 v1.5 Expandable calculations on big integers (HO
)
))
\Fld@menulength=\count193
\Field@Width=\dimen142
\Fld@charsize=\dimen143
Package hyperref Info: Hyper figures OFF on input line 6075.
Package hyperref Info: Link nesting OFF on input line 6080.
Package hyperref Info: Hyper index ON on input line 6083.
Package hyperref Info: backreferencing OFF on input line 6090.
Package hyperref Info: Link coloring OFF on input line 6095.
Package hyperref Info: Link coloring with OCG OFF on input line 6100.
Package hyperref Info: PDF/A mode OFF on input line 6105.
LaTeX Info: Redefining \ref on input line 6145.
LaTeX Info: Redefining \pageref on input line 6149.

(C:\Users\Arnaud.DESKTOP-H28NC0E\AppData\Local\Programs\MiKTeX\tex/latex/base\a
tbegshi-ltx.sty
Package: atbegshi-ltx 2020/08/17 v1.0a Emulation of the original atbegshi packa
ge
with kernel methods
)
\Hy@abspage=\count194
\c@Item=\count195
\c@Hfootnote=\count196
)
Package hyperref Info: Driver (autodetected): hpdftex.

(C:\Users\Arnaud.DESKTOP-H28NC0E\AppData\Local\Programs\MiKTeX\tex/latex/hyperr
ef\hpdftex.def
File: hpdftex.def 2021-02-10 v7.00j Hyperref driver for pdfTeX

(C:\Users\Arnaud.DESKTOP-H28NC0E\AppData\Local\Programs\MiKTeX\tex/latex/base\a
tveryend-ltx.sty
Package: atveryend-ltx 2020/08/19 v1.0a Emulation of the original atvery packag
e
with kernel methods
)
\Fld@listcount=\count197
\c@bookmark@seq@number=\count198

(C:\Users\Arnaud.DESKTOP-H28NC0E\AppData\Local\Programs\MiKTeX\tex/latex/rerunf
ilecheck\rerunfilecheck.sty
Package: rerunfilecheck 2019/12/05 v1.9 Rerun checks for auxiliary files (HO)

(C:\Users\Arnaud.DESKTOP-H28NC0E\AppData\Local\Programs\MiKTeX\tex/generic/uniq
uecounter\uniquecounter.sty
Package: uniquecounter 2019/12/15 v1.4 Provide unlimited unique counter (HO)
)
Package uniquecounter Info: New unique counter `rerunfilecheck' on input line 2
86.
)
\Hy@SectionHShift=\skip59
)
(C:\Users\Arnaud.DESKTOP-H28NC0E\AppData\Local\Programs\MiKTeX\tex/latex/natbib
\natbib.sty
Package: natbib 2010/09/13 8.31b (PWD, AO)
\bibhang=\skip60
\bibsep=\skip61
LaTeX Info: Redefining \cite on input line 694.
\c@NAT@ctr=\count199
)
(C:\Users\Arnaud.DESKTOP-H28NC0E\AppData\Local\Programs\MiKTeX\tex/generic/babe
l\babel.sty
Package: babel 2021/01/26 3.53 The Babel package

(C:\Users\Arnaud.DESKTOP-H28NC0E\AppData\Local\Programs\MiKTeX\tex/generic/babe
l\babel.def
File: babel.def 2021/01/26 3.53 Babel common definitions
\babel@savecnt=\count266
\U@D=\dimen144
\l@babelnohyphens=\language79

(C:\Users\Arnaud.DESKTOP-H28NC0E\AppData\Local\Programs\MiKTeX\tex/generic/babe
l\txtbabel.def)
\bbl@readstream=\read2
)
\bbl@dirlevel=\count267

*************************************
* Local config file bblopts.cfg used
*

(C:\Users\Arnaud.DESKTOP-H28NC0E\AppData\Local\Programs\MiKTeX\tex/latex/arabi\
bblopts.cfg
File: bblopts.cfg 2005/09/08 v0.1 add Arabic and Farsi to "declared" options of
 babel
)
(C:\Users\Arnaud.DESKTOP-H28NC0E\AppData\Local\Programs\MiKTeX\tex/generic/babe
l-french\french.ldf
Language: french 2020/10/10 v3.5l French support from the babel system
Package babel Info: \l@acadian = using hyphenrules for french
(babel)             (\language22) on input line 91.
Package babel Info: \l@canadien = using hyphenrules for french
(babel)             (\language22) on input line 92.
\FB@nonchar=\count268
Package babel Info: Making : an active character on input line 430.
Package babel Info: Making ; an active character on input line 431.
Package babel Info: Making ! an active character on input line 432.
Package babel Info: Making ? an active character on input line 433.
\FBguill@level=\count269
\FBold@everypar=\toks20
\FB@Mht=\dimen145
\mc@charclass=\count270
\mc@charfam=\count271
\mc@charslot=\count272
\std@mcc=\count273
\dec@mcc=\count274
\listindentFB=\dimen146
\descindentFB=\dimen147
\labelindentFB=\dimen148
\labelwidthFB=\dimen149
\leftmarginFB=\dimen150
\parindentFFN=\dimen151
\FBfnindent=\dimen152
))
(C:\Users\Arnaud.DESKTOP-H28NC0E\AppData\Local\Programs\MiKTeX\tex/latex/carlis
le\scalefnt.sty)
(C:\Users\Arnaud.DESKTOP-H28NC0E\AppData\Local\Programs\MiKTeX\tex/latex/mwe\mw
e.sty
Package: mwe 2018/03/30 v0.5 Package to support minimal working examples (MWE)

(C:\Users\Arnaud.DESKTOP-H28NC0E\AppData\Local\Programs\MiKTeX\tex/latex/graphi
cs\graphicx.sty
Package: graphicx 2020/09/09 v1.2b Enhanced LaTeX Graphics (DPC,SPQR)

(C:\Users\Arnaud.DESKTOP-H28NC0E\AppData\Local\Programs\MiKTeX\tex/latex/graphi
cs\graphics.sty
Package: graphics 2020/08/30 v1.4c Standard LaTeX Graphics (DPC,SPQR)

(C:\Users\Arnaud.DESKTOP-H28NC0E\AppData\Local\Programs\MiKTeX\tex/latex/graphi
cs\trig.sty
Package: trig 2016/01/03 v1.10 sin cos tan (DPC)
)
(C:\Users\Arnaud.DESKTOP-H28NC0E\AppData\Local\Programs\MiKTeX\tex/latex/graphi
cs-cfg\graphics.cfg
File: graphics.cfg 2016/06/04 v1.11 sample graphics configuration
)
Package graphics Info: Driver file: pdftex.def on input line 105.

(C:\Users\Arnaud.DESKTOP-H28NC0E\AppData\Local\Programs\MiKTeX\tex/latex/graphi
cs-def\pdftex.def
File: pdftex.def 2020/10/05 v1.2a Graphics/color driver for pdftex
))
\Gin@req@height=\dimen153
\Gin@req@width=\dimen154
)
(C:\Users\Arnaud.DESKTOP-H28NC0E\AppData\Local\Programs\MiKTeX\tex/latex/lipsum
\lipsum.sty
(C:\Users\Arnaud.DESKTOP-H28NC0E\AppData\Local\Programs\MiKTeX\tex/latex/l3kern
el\expl3.sty
Package: expl3 2021-02-18 L3 programming layer (loader) 

(C:\Users\Arnaud.DESKTOP-H28NC0E\AppData\Local\Programs\MiKTeX\tex/latex/l3back
end\l3backend-pdftex.def
File: l3backend-pdftex.def 2021-02-18 L3 backend support: PDF output (pdfTeX)
\l__color_backend_stack_int=\count275
\l__pdf_internal_box=\box48
))
(C:\Users\Arnaud.DESKTOP-H28NC0E\AppData\Local\Programs\MiKTeX\tex/latex/l3pack
ages/xparse\xparse.sty
Package: xparse 2020-10-27 L3 Experimental document command parser

(C:\Users\Arnaud.DESKTOP-H28NC0E\AppData\Local\Programs\MiKTeX\tex/latex/l3pack
ages/xparse\xparse-generic.tex))
Package: lipsum 2021-03-03 v2.3 150 paragraphs of Lorem Ipsum dummy text

(C:\Users\Arnaud.DESKTOP-H28NC0E\AppData\Local\Pro